<?xml version="1.0" encoding="UTF-8"?>
<testng-results ignored="0" total="1" passed="1" failed="0" skipped="0">
  <reporter-output>
  </reporter-output>
  <suite started-at="2023-10-17T08:30:25 EDT" name="Command line suite" finished-at="2023-10-17T08:30:38 EDT" duration-ms="13446">
    <groups>
      <group name="cucumber">
        <method signature="AbstractTestNGCucumberTests.runScenario(io.cucumber.testng.PickleWrapper,io.cucumber.testng.FeatureWrapper)[pri:0, instance:testRunners.TestNgRunner@343570b7]" name="runScenario" class="io.cucumber.testng.AbstractTestNGCucumberTests"/>
      </group> <!-- cucumber -->
    </groups>
    <test started-at="2023-10-17T08:30:25 EDT" name="Command line test" finished-at="2023-10-17T08:30:38 EDT" duration-ms="13446">
      <class name="testRunners.TestNgRunner">
        <test-method is-config="true" signature="setUpClass(org.testng.ITestContext)[pri:0, instance:testRunners.TestNgRunner@343570b7]" started-at="2023-10-17T08:30:25 EDT" name="setUpClass" finished-at="2023-10-17T08:30:25 EDT" duration-ms="601" status="PASS">
          <params>
            <param index="0">
              <value>
                <![CDATA[org.testng.TestRunner@7159a5cd]]>
              </value>
            </param>
          </params>
          <reporter-output>
          </reporter-output>
        </test-method> <!-- setUpClass -->
        <test-method signature="runScenario(io.cucumber.testng.PickleWrapper,io.cucumber.testng.FeatureWrapper)[pri:0, instance:testRunners.TestNgRunner@343570b7]" started-at="2023-10-17T08:30:25 EDT" name="runScenario" description="Runs Cucumber Scenarios" data-provider="scenarios" finished-at="2023-10-17T08:30:38 EDT" duration-ms="12226" status="PASS">
          <params>
            <param index="0">
              <value>
                <![CDATA["Add Product to cart and place order"]]>
              </value>
            </param>
            <param index="1">
              <value>
                <![CDATA["Search and place order for the Product"]]>
              </value>
            </param>
          </params>
          <reporter-output>
          </reporter-output>
        </test-method> <!-- runScenario -->
        <test-method is-config="true" signature="tearDownClass()[pri:0, instance:testRunners.TestNgRunner@343570b7]" started-at="2023-10-17T08:30:38 EDT" name="tearDownClass" finished-at="2023-10-17T08:30:38 EDT" duration-ms="576" status="PASS">
          <reporter-output>
          </reporter-output>
        </test-method> <!-- tearDownClass -->
      </class> <!-- testRunners.TestNgRunner -->
    </test> <!-- Command line test -->
  </suite> <!-- Command line suite -->
</testng-results>
